[02/Jun/2026:22:10:46 +0200] [upstream] Upstream starting: /usr/alwaysdata/apache/latest/bin/apache -f /home/mansmalicia/admin/config/apache/apache.conf -D FOREGROUND (env: {'HOME': '/home/mansmalicia', 'LANG': 'en_US.UTF-8', 'LC_ALL': 'en_US.UTF-8', 'PATH': '/home/mansmalicia/.local/bin:/home/mansmalicia/.local/share/gem/ruby/3.3.0/bin:/home/mansmalicia/.gem/ruby/3.3.0/bin:/home/mansmalicia/.composer/vendor/bin:/home/mansmalicia/.npm-packages/bin:/usr/local/bin:/usr/bin:/bin', 'TMPDIR': '/home/mansmalicia/admin/tmp', 'APACHE_ROOT': '/usr/alwaysdata/apache/latest'}, cwd: /home/mansmalicia/)
[02/Jun/2026:22:10:46 +0200] [upstream] Upstream started PID: 3869484
[02/Jun/2026:22:20:17 +0200] [upstream] Upstream starting: node $HOME/www/app.js (env: {'HOME': '/home/mansmalicia', 'LANG': 'en_US.UTF-8', 'LC_ALL': 'en_US.UTF-8', 'PATH': '/home/mansmalicia/.local/bin:/home/mansmalicia/.local/share/gem/ruby/3.3.0/bin:/home/mansmalicia/.gem/ruby/3.3.0/bin:/home/mansmalicia/.composer/vendor/bin:/home/mansmalicia/.npm-packages/bin:/usr/local/bin:/usr/bin:/bin', 'TMPDIR': '/home/mansmalicia/admin/tmp', 'NODEJS_VERSION': '', 'HOST': 'fd00::6:9744', 'PORT': '8100', 'IP': 'fd00::6:9744'}, cwd: /home/mansmalicia/)
[02/Jun/2026:22:20:17 +0200] [upstream] Upstream started PID: 3883334
[02/Jun/2026:22:20:17 +0200] [upstream] [3883334] STDERR: node:internal/modules/cjs/loader:1210
[02/Jun/2026:22:20:17 +0200] [upstream] [3883334] STDERR:   throw err;
[02/Jun/2026:22:20:17 +0200] [upstream] [3883334] STDERR:   ^
[02/Jun/2026:22:20:17 +0200] [upstream] [3883334] STDERR: 
[02/Jun/2026:22:20:17 +0200] [upstream] [3883334] STDERR: Error: Cannot find module '/home/mansmalicia/www/app.js'
[02/Jun/2026:22:20:17 +0200] [upstream] [3883334] STDERR:     at Module._resolveFilename (node:internal/modules/cjs/loader:1207:15)
[02/Jun/2026:22:20:17 +0200] [upstream] [3883334] STDERR:     at Module._load (node:internal/modules/cjs/loader:1038:27)
[02/Jun/2026:22:20:17 +0200] [upstream] [3883334] STDERR:     at Function.executeUserEntryPoint [as runMain] (node:internal/modules/run_main:164:12)
[02/Jun/2026:22:20:17 +0200] [upstream] [3883334] STDERR:     at node:internal/main/run_main_module:28:49 {
[02/Jun/2026:22:20:17 +0200] [upstream] [3883334] STDERR:   code: 'MODULE_NOT_FOUND',
[02/Jun/2026:22:20:17 +0200] [upstream] [3883334] STDERR:   requireStack: []
[02/Jun/2026:22:20:17 +0200] [upstream] [3883334] STDERR: }
[02/Jun/2026:22:20:17 +0200] [upstream] [3883334] STDERR: 
[02/Jun/2026:22:20:17 +0200] [upstream] [3883334] STDERR: Node.js v20.20.2
[02/Jun/2026:22:20:17 +0200] [upstream] Upstream starting failed: node $HOME/www/app.js (return code: 1 | reason: -)
[02/Jun/2026:22:20:17 +0200] [upstream] Upstream node $HOME/www/app.js previously failed to start, will not start again until 22:20:18
[02/Jun/2026:22:24:11 +0200] [upstream] Upstream starting: node $HOME/www/app.js (env: {'HOME': '/home/mansmalicia', 'LANG': 'en_US.UTF-8', 'LC_ALL': 'en_US.UTF-8', 'PATH': '/home/mansmalicia/.local/bin:/home/mansmalicia/.local/share/gem/ruby/3.3.0/bin:/home/mansmalicia/.gem/ruby/3.3.0/bin:/home/mansmalicia/.composer/vendor/bin:/home/mansmalicia/.npm-packages/bin:/usr/local/bin:/usr/bin:/bin', 'TMPDIR': '/home/mansmalicia/admin/tmp', 'NODEJS_VERSION': '', 'HOST': 'fd00::6:9744', 'PORT': '8100', 'IP': 'fd00::6:9744'}, cwd: /home/mansmalicia/)
[02/Jun/2026:22:24:11 +0200] [upstream] Upstream started PID: 3888040
[02/Jun/2026:22:24:11 +0200] [upstream] [3888040] STDERR: node:internal/modules/cjs/loader:1210
[02/Jun/2026:22:24:11 +0200] [upstream] [3888040] STDERR:   throw err;
[02/Jun/2026:22:24:11 +0200] [upstream] [3888040] STDERR:   ^
[02/Jun/2026:22:24:11 +0200] [upstream] [3888040] STDERR: 
[02/Jun/2026:22:24:11 +0200] [upstream] [3888040] STDERR: Error: Cannot find module '/home/mansmalicia/www/app.js'
[02/Jun/2026:22:24:11 +0200] [upstream] [3888040] STDERR:     at Module._resolveFilename (node:internal/modules/cjs/loader:1207:15)
[02/Jun/2026:22:24:11 +0200] [upstream] [3888040] STDERR:     at Module._load (node:internal/modules/cjs/loader:1038:27)
[02/Jun/2026:22:24:11 +0200] [upstream] [3888040] STDERR:     at Function.executeUserEntryPoint [as runMain] (node:internal/modules/run_main:164:12)
[02/Jun/2026:22:24:11 +0200] [upstream] [3888040] STDERR:     at node:internal/main/run_main_module:28:49 {
[02/Jun/2026:22:24:11 +0200] [upstream] [3888040] STDERR:   code: 'MODULE_NOT_FOUND',
[02/Jun/2026:22:24:11 +0200] [upstream] [3888040] STDERR:   requireStack: []
[02/Jun/2026:22:24:11 +0200] [upstream] [3888040] STDERR: }
[02/Jun/2026:22:24:11 +0200] [upstream] [3888040] STDERR: 
[02/Jun/2026:22:24:11 +0200] [upstream] [3888040] STDERR: Node.js v20.20.2
[02/Jun/2026:22:24:11 +0200] [upstream] Upstream starting failed: node $HOME/www/app.js (return code: 1 | reason: -)
[02/Jun/2026:22:24:11 +0200] [upstream] Upstream node $HOME/www/app.js previously failed to start, will not start again until 22:24:13
[02/Jun/2026:22:24:12 +0200] [upstream] Upstream node $HOME/www/app.js previously failed to start, will not start again until 22:24:13
[02/Jun/2026:22:24:13 +0200] [upstream] Upstream node $HOME/www/app.js previously failed to start, will not start again until 22:24:13
[02/Jun/2026:22:26:07 +0200] [upstream] Upstream starting: node $HOME/www/app.js (env: {'HOME': '/home/mansmalicia', 'LANG': 'en_US.UTF-8', 'LC_ALL': 'en_US.UTF-8', 'PATH': '/home/mansmalicia/.local/bin:/home/mansmalicia/.local/share/gem/ruby/3.3.0/bin:/home/mansmalicia/.gem/ruby/3.3.0/bin:/home/mansmalicia/.composer/vendor/bin:/home/mansmalicia/.npm-packages/bin:/usr/local/bin:/usr/bin:/bin', 'TMPDIR': '/home/mansmalicia/admin/tmp', 'NODEJS_VERSION': '', 'HOST': 'fd00::6:9744', 'PORT': '8100', 'IP': 'fd00::6:9744'}, cwd: /home/mansmalicia/)
[02/Jun/2026:22:26:07 +0200] [upstream] Upstream started PID: 3890213
[02/Jun/2026:22:26:08 +0200] [upstream] [3890213] STDERR: node:internal/modules/cjs/loader:1210
[02/Jun/2026:22:26:08 +0200] [upstream] [3890213] STDERR:   throw err;
[02/Jun/2026:22:26:08 +0200] [upstream] [3890213] STDERR:   ^
[02/Jun/2026:22:26:08 +0200] [upstream] [3890213] STDERR: 
[02/Jun/2026:22:26:08 +0200] [upstream] [3890213] STDERR: Error: Cannot find module '/home/mansmalicia/www/app.js'
[02/Jun/2026:22:26:08 +0200] [upstream] [3890213] STDERR:     at Module._resolveFilename (node:internal/modules/cjs/loader:1207:15)
[02/Jun/2026:22:26:08 +0200] [upstream] [3890213] STDERR:     at Module._load (node:internal/modules/cjs/loader:1038:27)
[02/Jun/2026:22:26:08 +0200] [upstream] [3890213] STDERR:     at Function.executeUserEntryPoint [as runMain] (node:internal/modules/run_main:164:12)
[02/Jun/2026:22:26:08 +0200] [upstream] [3890213] STDERR:     at node:internal/main/run_main_module:28:49 {
[02/Jun/2026:22:26:08 +0200] [upstream] [3890213] STDERR:   code: 'MODULE_NOT_FOUND',
[02/Jun/2026:22:26:08 +0200] [upstream] [3890213] STDERR:   requireStack: []
[02/Jun/2026:22:26:08 +0200] [upstream] [3890213] STDERR: }
[02/Jun/2026:22:26:08 +0200] [upstream] [3890213] STDERR: 
[02/Jun/2026:22:26:08 +0200] [upstream] [3890213] STDERR: Node.js v20.20.2
[02/Jun/2026:22:26:08 +0200] [upstream] Upstream starting failed: node $HOME/www/app.js (return code: 1 | reason: -)
[02/Jun/2026:22:26:08 +0200] [upstream] Upstream node $HOME/www/app.js previously failed to start, will not start again until 22:26:12
[02/Jun/2026:22:32:13 +0200] [upstream] Upstream starting: node $HOME/www/app.js (env: {'HOME': '/home/mansmalicia', 'LANG': 'en_US.UTF-8', 'LC_ALL': 'en_US.UTF-8', 'PATH': '/home/mansmalicia/.local/bin:/home/mansmalicia/.local/share/gem/ruby/3.3.0/bin:/home/mansmalicia/.gem/ruby/3.3.0/bin:/home/mansmalicia/.composer/vendor/bin:/home/mansmalicia/.npm-packages/bin:/usr/local/bin:/usr/bin:/bin', 'TMPDIR': '/home/mansmalicia/admin/tmp', 'NODEJS_VERSION': '', 'HOST': 'fd00::6:9744', 'PORT': '8100', 'IP': 'fd00::6:9744'}, cwd: /home/mansmalicia/)
[02/Jun/2026:22:32:13 +0200] [upstream] Upstream started PID: 3898470
[02/Jun/2026:22:32:13 +0200] [upstream] [3898470] STDERR: node:internal/modules/cjs/loader:1210
[02/Jun/2026:22:32:13 +0200] [upstream] [3898470] STDERR:   throw err;
[02/Jun/2026:22:32:13 +0200] [upstream] [3898470] STDERR:   ^
[02/Jun/2026:22:32:13 +0200] [upstream] [3898470] STDERR: 
[02/Jun/2026:22:32:13 +0200] [upstream] [3898470] STDERR: Error: Cannot find module 'express'
[02/Jun/2026:22:32:13 +0200] [upstream] [3898470] STDERR: Require stack:
[02/Jun/2026:22:32:13 +0200] [upstream] [3898470] STDERR: - /home/mansmalicia/www/app.js
[02/Jun/2026:22:32:13 +0200] [upstream] [3898470] STDERR:     at Module._resolveFilename (node:internal/modules/cjs/loader:1207:15)
[02/Jun/2026:22:32:13 +0200] [upstream] [3898470] STDERR:     at Module._load (node:internal/modules/cjs/loader:1038:27)
[02/Jun/2026:22:32:13 +0200] [upstream] [3898470] STDERR:     at Module.require (node:internal/modules/cjs/loader:1289:19)
[02/Jun/2026:22:32:13 +0200] [upstream] [3898470] STDERR:     at require (node:internal/modules/helpers:182:18)
[02/Jun/2026:22:32:13 +0200] [upstream] [3898470] STDERR:     at Object.<anonymous> (/home/mansmalicia/www/app.js:1:17)
[02/Jun/2026:22:32:13 +0200] [upstream] [3898470] STDERR:     at Module._compile (node:internal/modules/cjs/loader:1521:14)
[02/Jun/2026:22:32:13 +0200] [upstream] [3898470] STDERR:     at Module._extensions..js (node:internal/modules/cjs/loader:1623:10)
[02/Jun/2026:22:32:13 +0200] [upstream] [3898470] STDERR:     at Module.load (node:internal/modules/cjs/loader:1266:32)
[02/Jun/2026:22:32:13 +0200] [upstream] [3898470] STDERR:     at Module._load (node:internal/modules/cjs/loader:1091:12)
[02/Jun/2026:22:32:13 +0200] [upstream] [3898470] STDERR:     at Function.executeUserEntryPoint [as runMain] (node:internal/modules/run_main:164:12) {
[02/Jun/2026:22:32:13 +0200] [upstream] [3898470] STDERR:   code: 'MODULE_NOT_FOUND',
[02/Jun/2026:22:32:13 +0200] [upstream] [3898470] STDERR:   requireStack: [ '/home/mansmalicia/www/app.js' ]
[02/Jun/2026:22:32:13 +0200] [upstream] [3898470] STDERR: }
[02/Jun/2026:22:32:13 +0200] [upstream] [3898470] STDERR: 
[02/Jun/2026:22:32:13 +0200] [upstream] [3898470] STDERR: Node.js v20.20.2
[02/Jun/2026:22:32:13 +0200] [upstream] Upstream starting failed: node $HOME/www/app.js (return code: 1 | reason: -)
[02/Jun/2026:22:32:13 +0200] [upstream] Upstream node $HOME/www/app.js previously failed to start, will not start again until 22:32:21
[02/Jun/2026:22:32:14 +0200] [upstream] Upstream node $HOME/www/app.js previously failed to start, will not start again until 22:32:21
[02/Jun/2026:22:32:16 +0200] [upstream] Upstream node $HOME/www/app.js previously failed to start, will not start again until 22:32:21
[02/Jun/2026:22:35:01 +0200] [upstream] Upstream starting: node $HOME/www/app.js (env: {'HOME': '/home/mansmalicia', 'LANG': 'en_US.UTF-8', 'LC_ALL': 'en_US.UTF-8', 'PATH': '/home/mansmalicia/.local/bin:/home/mansmalicia/.local/share/gem/ruby/3.3.0/bin:/home/mansmalicia/.gem/ruby/3.3.0/bin:/home/mansmalicia/.composer/vendor/bin:/home/mansmalicia/.npm-packages/bin:/usr/local/bin:/usr/bin:/bin', 'TMPDIR': '/home/mansmalicia/admin/tmp', 'NODEJS_VERSION': '', 'HOST': 'fd00::6:9744', 'PORT': '8100', 'IP': 'fd00::6:9744'}, cwd: /home/mansmalicia/)
[02/Jun/2026:22:35:01 +0200] [upstream] Upstream started PID: 3902303
[02/Jun/2026:22:35:02 +0200] [upstream] [3902303] STDOUT: Serveur JusFruit démarré sur http://localhost:3000
[02/Jun/2026:22:35:02 +0200] [upstream] [3902303] STDERR: Erreur connexion BDD : AggregateError [ECONNREFUSED]: 
[02/Jun/2026:22:35:02 +0200] [upstream] [3902303] STDERR:     at internalConnectMultiple (node:net:1122:18)
[02/Jun/2026:22:35:02 +0200] [upstream] [3902303] STDERR:     at afterConnectMultiple (node:net:1689:7) {
[02/Jun/2026:22:35:02 +0200] [upstream] [3902303] STDERR:   code: 'ECONNREFUSED',
[02/Jun/2026:22:35:02 +0200] [upstream] [3902303] STDERR:   fatal: true,
[02/Jun/2026:22:35:02 +0200] [upstream] [3902303] STDERR:   [errors]: [
[02/Jun/2026:22:35:02 +0200] [upstream] [3902303] STDERR:     Error: connect ECONNREFUSED ::1:3306
[02/Jun/2026:22:35:02 +0200] [upstream] [3902303] STDERR:         at createConnectionError (node:net:1652:14)
[02/Jun/2026:22:35:02 +0200] [upstream] [3902303] STDERR:         at afterConnectMultiple (node:net:1682:16) {
[02/Jun/2026:22:35:02 +0200] [upstream] [3902303] STDERR:       errno: -111,
[02/Jun/2026:22:35:02 +0200] [upstream] [3902303] STDERR:       code: 'ECONNREFUSED',
[02/Jun/2026:22:35:02 +0200] [upstream] [3902303] STDERR:       syscall: 'connect',
[02/Jun/2026:22:35:02 +0200] [upstream] [3902303] STDERR:       address: '::1',
[02/Jun/2026:22:35:02 +0200] [upstream] [3902303] STDERR:       port: 3306
[02/Jun/2026:22:35:02 +0200] [upstream] [3902303] STDERR:     },
[02/Jun/2026:22:35:02 +0200] [upstream] [3902303] STDERR:     Error: connect ECONNREFUSED 127.0.0.1:3306
[02/Jun/2026:22:35:02 +0200] [upstream] [3902303] STDERR:         at createConnectionError (node:net:1652:14)
[02/Jun/2026:22:35:02 +0200] [upstream] [3902303] STDERR:         at afterConnectMultiple (node:net:1682:16) {
[02/Jun/2026:22:35:02 +0200] [upstream] [3902303] STDERR:       errno: -111,
[02/Jun/2026:22:35:02 +0200] [upstream] [3902303] STDERR:       code: 'ECONNREFUSED',
[02/Jun/2026:22:35:02 +0200] [upstream] [3902303] STDERR:       syscall: 'connect',
[02/Jun/2026:22:35:02 +0200] [upstream] [3902303] STDERR:       address: '127.0.0.1',
[02/Jun/2026:22:35:02 +0200] [upstream] [3902303] STDERR:       port: 3306
[02/Jun/2026:22:35:02 +0200] [upstream] [3902303] STDERR:     }
[02/Jun/2026:22:35:02 +0200] [upstream] [3902303] STDERR:   ]
[02/Jun/2026:22:35:02 +0200] [upstream] [3902303] STDERR: }
[02/Jun/2026:22:41:01 +0200] [upstream] [3869484] SIGTERM sent to upstream
[02/Jun/2026:22:41:01 +0200] [upstream] [3869484] Upstream stopped (reason: idle)
